<?xml version="1.0" encoding="UTF-8"?>
<!-- Generated by org.testng.reporters.JUnitXMLReporter -->
<testsuite ignored="0" hostname="DESKTOP-BAGVGUI" failures="1" tests="1" name="Test" time="6.95" errors="0" timestamp="2024-09-07T15:51:28 EDT">
  <testcase classname="testCases.TC005_AddToCartPageTest" name="verify_addToCart" time="2.503">
    <failure type="java.lang.AssertionError" message="*****Confirmation Message Did not Displayed***** expected [true] but found [false]">
      <![CDATA[java.lang.AssertionError: *****Confirmation Message Did not Displayed***** expected [true] but found [false]
at testCases.TC005_AddToCartPageTest.verify_addToCart(TC005_AddToCartPageTest.java:38)
at java.base/java.util.ArrayList.forEach(ArrayList.java:1597)
... Removed 31 stack frames]]>
    </failure>
  </testcase> <!-- verify_addToCart -->
</testsuite> <!-- Test -->
